This is pdfTeX, Version 3.14159265-2.6-1.40.21 (MiKTeX 2.9.7380 64-bit) (preloaded format=pdflatex 2020.4.14)  7 FEB 2022 14:14
entering extended mode
**./1.31.22-draft-of-WN-Proj.tex
(1.31.22-draft-of-WN-Proj.tex
LaTeX2e <2020-02-02> patch level 5
L3 programming layer <2020-04-06>
("C:\Users\Oscar Wilde\AppData\Local\Programs\MiKTeX 2.9\tex/latex/paper\paper.
cls"
Document Class: paper 2008/05/30 1.0l LaTeX document class (wm).
\hours=\count167
\minutes=\count168

("C:\Users\Oscar Wilde\AppData\Local\Programs\MiKTeX 2.9\tex/latex/base\size10.
clo"
File: size10.clo 2019/12/20 v1.4l Standard LaTeX file (size option)
)
\beforetitlespace=\skip47
\c@part=\count169
\c@section=\count170
\c@subsection=\count171
\c@subsubsection=\count172
\c@paragraph=\count173
\c@subparagraph=\count174
\exampleindent=\skip48
\c@figure=\count175
\c@table=\count176
\abovecaptionskip=\skip49
\belowcaptionskip=\skip50
\bibindent=\dimen134
)
("C:\Users\Oscar Wilde\AppData\Local\Programs\MiKTeX 2.9\tex/latex/amsmath\amsm
ath.sty"
Package: amsmath 2020/01/20 v2.17e AMS math features
\@mathmargin=\skip51
For additional information on amsmath, use the `?' option.

("C:\Users\Oscar Wilde\AppData\Local\Programs\MiKTeX 2.9\tex/latex/amsmath\amst
ext.sty"
Package: amstext 2000/06/29 v2.01 AMS text

("C:\Users\Oscar Wilde\AppData\Local\Programs\MiKTeX 2.9\tex/latex/amsmath\amsg
en.sty"
File: amsgen.sty 1999/11/30 v2.0 generic functions
\@emptytoks=\toks15
\ex@=\dimen135
))
("C:\Users\Oscar Wilde\AppData\Local\Programs\MiKTeX 2.9\tex/latex/amsmath\amsb
sy.sty"
Package: amsbsy 1999/11/29 v1.2d Bold Symbols
\pmbraise@=\dimen136
)
("C:\Users\Oscar Wilde\AppData\Local\Programs\MiKTeX 2.9\tex/latex/amsmath\amso
pn.sty"
Package: amsopn 2016/03/08 v2.02 operator names
)
\inf@bad=\count177
LaTeX Info: Redefining \frac on input line 227.
\uproot@=\count178
\leftroot@=\count179
LaTeX Info: Redefining \overline on input line 389.
\classnum@=\count180
\DOTSCASE@=\count181
LaTeX Info: Redefining \ldots on input line 486.
LaTeX Info: Redefining \dots on input line 489.
LaTeX Info: Redefining \cdots on input line 610.
\Mathstrutbox@=\box45
\strutbox@=\box46
\big@size=\dimen137
LaTeX Font Info:    Redeclaring font encoding OML on input line 733.
LaTeX Font Info:    Redeclaring font encoding OMS on input line 734.
\macc@depth=\count182
\c@MaxMatrixCols=\count183
\dotsspace@=\muskip16
\c@parentequation=\count184
\dspbrk@lvl=\count185
\tag@help=\toks16
\row@=\count186
\column@=\count187
\maxfields@=\count188
\andhelp@=\toks17
\eqnshift@=\dimen138
\alignsep@=\dimen139
\tagshift@=\dimen140
\tagwidth@=\dimen141
\totwidth@=\dimen142
\lineht@=\dimen143
\@envbody=\toks18
\multlinegap=\skip52
\multlinetaggap=\skip53
\mathdisplay@stack=\toks19
LaTeX Info: Redefining \[ on input line 2859.
LaTeX Info: Redefining \] on input line 2860.
)
("C:\Users\Oscar Wilde\AppData\Local\Programs\MiKTeX 2.9\tex/latex/amsfonts\ams
symb.sty"
Package: amssymb 2013/01/14 v3.01 AMS font symbols

("C:\Users\Oscar Wilde\AppData\Local\Programs\MiKTeX 2.9\tex/latex/amsfonts\ams
fonts.sty"
Package: amsfonts 2013/01/14 v3.01 Basic AMSFonts support
\symAMSa=\mathgroup4
\symAMSb=\mathgroup5
LaTeX Font Info:    Redeclaring math symbol \hbar on input line 98.
LaTeX Font Info:    Overwriting math alphabet `\mathfrak' in version `bold'
(Font)                  U/euf/m/n --> U/euf/b/n on input line 106.
))
("C:\Users\Oscar Wilde\AppData\Local\Programs\MiKTeX 2.9\tex/latex/lm\lmodern.s
ty"
Package: lmodern 2009/10/30 v1.6 Latin Modern Fonts
LaTeX Font Info:    Overwriting symbol font `operators' in version `normal'
(Font)                  OT1/cmr/m/n --> OT1/lmr/m/n on input line 22.
LaTeX Font Info:    Overwriting symbol font `letters' in version `normal'
(Font)                  OML/cmm/m/it --> OML/lmm/m/it on input line 23.
LaTeX Font Info:    Overwriting symbol font `symbols' in version `normal'
(Font)                  OMS/cmsy/m/n --> OMS/lmsy/m/n on input line 24.
LaTeX Font Info:    Overwriting symbol font `largesymbols' in version `normal'
(Font)                  OMX/cmex/m/n --> OMX/lmex/m/n on input line 25.
LaTeX Font Info:    Overwriting symbol font `operators' in version `bold'
(Font)                  OT1/cmr/bx/n --> OT1/lmr/bx/n on input line 26.
LaTeX Font Info:    Overwriting symbol font `letters' in version `bold'
(Font)                  OML/cmm/b/it --> OML/lmm/b/it on input line 27.
LaTeX Font Info:    Overwriting symbol font `symbols' in version `bold'
(Font)                  OMS/cmsy/b/n --> OMS/lmsy/b/n on input line 28.
LaTeX Font Info:    Overwriting symbol font `largesymbols' in version `bold'
(Font)                  OMX/cmex/m/n --> OMX/lmex/m/n on input line 29.
LaTeX Font Info:    Overwriting math alphabet `\mathbf' in version `normal'
(Font)                  OT1/cmr/bx/n --> OT1/lmr/bx/n on input line 31.
LaTeX Font Info:    Overwriting math alphabet `\mathsf' in version `normal'
(Font)                  OT1/cmss/m/n --> OT1/lmss/m/n on input line 32.
LaTeX Font Info:    Overwriting math alphabet `\mathit' in version `normal'
(Font)                  OT1/cmr/m/it --> OT1/lmr/m/it on input line 33.
LaTeX Font Info:    Overwriting math alphabet `\mathtt' in version `normal'
(Font)                  OT1/cmtt/m/n --> OT1/lmtt/m/n on input line 34.
LaTeX Font Info:    Overwriting math alphabet `\mathbf' in version `bold'
(Font)                  OT1/cmr/bx/n --> OT1/lmr/bx/n on input line 35.
LaTeX Font Info:    Overwriting math alphabet `\mathsf' in version `bold'
(Font)                  OT1/cmss/bx/n --> OT1/lmss/bx/n on input line 36.
LaTeX Font Info:    Overwriting math alphabet `\mathit' in version `bold'
(Font)                  OT1/cmr/bx/it --> OT1/lmr/bx/it on input line 37.
LaTeX Font Info:    Overwriting math alphabet `\mathtt' in version `bold'
(Font)                  OT1/cmtt/m/n --> OT1/lmtt/m/n on input line 38.
)
("C:\Users\Oscar Wilde\AppData\Local\Programs\MiKTeX 2.9\tex/generic/iftex\ifxe
tex.sty"
Package: ifxetex 2019/10/25 v0.7 ifxetex legacy package. Use iftex instead.

("C:\Users\Oscar Wilde\AppData\Local\Programs\MiKTeX 2.9\tex/generic/iftex\ifte
x.sty"
Package: iftex 2020/03/06 v1.0d TeX engine tests
))
("C:\Users\Oscar Wilde\AppData\Local\Programs\MiKTeX 2.9\tex/generic/iftex\iflu
atex.sty"
Package: ifluatex 2019/10/25 v1.5 ifluatex legacy package. Use iftex instead.
)
("C:\Users\Oscar Wilde\AppData\Local\Programs\MiKTeX 2.9\tex/latex/base\fontenc
.sty"
Package: fontenc 2020/02/11 v2.0o Standard LaTeX package
LaTeX Font Info:    Trying to load font information for T1+lmr on input line 11
2.
("C:\Users\Oscar Wilde\AppData\Local\Programs\MiKTeX 2.9\tex/latex/lm\t1lmr.fd"
File: t1lmr.fd 2009/10/30 v1.6 Font defs for Latin Modern
))
("C:\Users\Oscar Wilde\AppData\Local\Programs\MiKTeX 2.9\tex/latex/base\inputen
c.sty"
Package: inputenc 2018/08/11 v1.3c Input encoding file
\inpenc@prehook=\toks20
\inpenc@posthook=\toks21
)
("C:\Users\Oscar Wilde\AppData\Local\Programs\MiKTeX 2.9\tex/latex/base\textcom
p.sty"
Package: textcomp 2020/02/02 v2.0n Standard LaTeX package
)
("C:\Users\Oscar Wilde\AppData\Local\Programs\MiKTeX 2.9\tex/latex/upquote\upqu
ote.sty"
Package: upquote 2012/04/19 v1.3 upright-quote and grave-accent glyphs in verba
tim
)
("C:\Users\Oscar Wilde\AppData\Local\Programs\MiKTeX 2.9\tex/latex/microtype\mi
crotype.sty"
Package: microtype 2021/03/14 v2.8c Micro-typographical refinements (RS)

("C:\Users\Oscar Wilde\AppData\Local\Programs\MiKTeX 2.9\tex/latex/graphics\key
val.sty"
Package: keyval 2014/10/28 v1.15 key=value parser (DPC)
\KV@toks@=\toks22
)
\MT@toks=\toks23
\MT@count=\count189
LaTeX Info: Redefining \textls on input line 790.
\MT@outer@kern=\dimen144
LaTeX Info: Redefining \textmicrotypecontext on input line 1374.
\MT@listname@count=\count190

("C:\Users\Oscar Wilde\AppData\Local\Programs\MiKTeX 2.9\tex/latex/microtype\mi
crotype-pdftex.def"
File: microtype-pdftex.def 2021/03/14 v2.8c Definitions specific to pdftex (RS)

LaTeX Info: Redefining \lsstyle on input line 915.
LaTeX Info: Redefining \lslig on input line 915.
\MT@outer@space=\skip54
)
Package microtype Info: Loading configuration file microtype.cfg.

("C:\Users\Oscar Wilde\AppData\Local\Programs\MiKTeX 2.9\tex/latex/microtype\mi
crotype.cfg"
File: microtype.cfg 2021/03/14 v2.8c microtype main configuration file (RS)
))
("C:\Users\Oscar Wilde\AppData\Local\Programs\MiKTeX 2.9\tex/latex/parskip\pars
kip.sty"
Package: parskip 2021-03-14 v2.0h non-zero parskip adjustments

("C:\Users\Oscar Wilde\AppData\Local\Programs\MiKTeX 2.9\tex/latex/kvoptions\kv
options.sty"
Package: kvoptions 2019/11/29 v3.13 Key value format for package options (HO)

("C:\Users\Oscar Wilde\AppData\Local\Programs\MiKTeX 2.9\tex/generic/ltxcmds\lt
xcmds.sty"
Package: ltxcmds 2019/12/15 v1.24 LaTeX kernel commands for general use (HO)
)
("C:\Users\Oscar Wilde\AppData\Local\Programs\MiKTeX 2.9\tex/generic/kvsetkeys\
kvsetkeys.sty"
Package: kvsetkeys 2019/12/15 v1.18 Key value parser (HO)
))
("C:\Users\Oscar Wilde\AppData\Local\Programs\MiKTeX 2.9\tex/latex/etoolbox\eto
olbox.sty"
Package: etoolbox 2019/09/21 v2.5h e-TeX tools for LaTeX (JAW)
\etb@tempcnta=\count191
))
("C:\Users\Oscar Wilde\AppData\Local\Programs\MiKTeX 2.9\tex/latex/xcolor\xcolo
r.sty"
Package: xcolor 2016/05/11 v2.12 LaTeX color extensions (UK)

("C:\Users\Oscar Wilde\AppData\Local\Programs\MiKTeX 2.9\tex/latex/graphics-cfg
\color.cfg"
File: color.cfg 2016/01/02 v1.6 sample color configuration
)
Package xcolor Info: Driver file: pdftex.def on input line 225.

("C:\Users\Oscar Wilde\AppData\Local\Programs\MiKTeX 2.9\tex/latex/graphics-def
\pdftex.def"
File: pdftex.def 2018/01/08 v1.0l Graphics/color driver for pdftex
)
Package xcolor Info: Model `cmy' substituted by `cmy0' on input line 1348.
Package xcolor Info: Model `hsb' substituted by `rgb' on input line 1352.
Package xcolor Info: Model `RGB' extended on input line 1364.
Package xcolor Info: Model `HTML' substituted by `rgb' on input line 1366.
Package xcolor Info: Model `Hsb' substituted by `hsb' on input line 1367.
Package xcolor Info: Model `tHsb' substituted by `hsb' on input line 1368.
Package xcolor Info: Model `HSB' substituted by `hsb' on input line 1369.
Package xcolor Info: Model `Gray' substituted by `gray' on input line 1370.
Package xcolor Info: Model `wave' substituted by `hsb' on input line 1371.
)
("C:\Users\Oscar Wilde\AppData\Local\Programs\MiKTeX 2.9\tex/latex/xurl\xurl.st
y"
Package: xurl 2020/12/30 v 0.09a modify URL breaks
("C:\Users\Oscar Wilde\AppData\Local\Programs\MiKTeX 2.9\tex/latex/url\url.sty"
\Urlmuskip=\muskip17
Package: url 2013/09/16  ver 3.4  Verb mode for urls, etc.
))
("C:\Users\Oscar Wilde\AppData\Local\Programs\MiKTeX 2.9\tex/latex/bookmark\boo
kmark.sty"
Package: bookmark 2020-11-06 v1.29 PDF bookmarks (HO)

("C:\Users\Oscar Wilde\AppData\Local\Programs\MiKTeX 2.9\tex/latex/hyperref\hyp
erref.sty"
Package: hyperref 2020/01/14 v7.00d Hypertext links for LaTeX

("C:\Users\Oscar Wilde\AppData\Local\Programs\MiKTeX 2.9\tex/latex/pdftexcmds\p
dftexcmds.sty"
Package: pdftexcmds 2019/11/24 v0.31 Utility functions of pdfTeX for LuaTeX (HO
)

("C:\Users\Oscar Wilde\AppData\Local\Programs\MiKTeX 2.9\tex/generic/infwarerr\
infwarerr.sty"
Package: infwarerr 2019/12/03 v1.5 Providing info/warning/error messages (HO)
)
Package pdftexcmds Info: \pdf@primitive is available.
Package pdftexcmds Info: \pdf@ifprimitive is available.
Package pdftexcmds Info: \pdfdraftmode found.
)
("C:\Users\Oscar Wilde\AppData\Local\Programs\MiKTeX 2.9\tex/generic/kvdefineke
ys\kvdefinekeys.sty"
Package: kvdefinekeys 2019-12-19 v1.6 Define keys (HO)
)
("C:\Users\Oscar Wilde\AppData\Local\Programs\MiKTeX 2.9\tex/generic/pdfescape\
pdfescape.sty"
Package: pdfescape 2019/12/09 v1.15 Implements pdfTeX's escape features (HO)
)
("C:\Users\Oscar Wilde\AppData\Local\Programs\MiKTeX 2.9\tex/latex/hycolor\hyco
lor.sty"
Package: hycolor 2020-01-27 v1.10 Color options for hyperref/bookmark (HO)
)
("C:\Users\Oscar Wilde\AppData\Local\Programs\MiKTeX 2.9\tex/latex/letltxmacro\
letltxmacro.sty"
Package: letltxmacro 2019/12/03 v1.6 Let assignment for LaTeX macros (HO)
)
("C:\Users\Oscar Wilde\AppData\Local\Programs\MiKTeX 2.9\tex/latex/auxhook\auxh
ook.sty"
Package: auxhook 2019-12-17 v1.6 Hooks for auxiliary files (HO)
)
\@linkdim=\dimen145
\Hy@linkcounter=\count192
\Hy@pagecounter=\count193

("C:\Users\Oscar Wilde\AppData\Local\Programs\MiKTeX 2.9\tex/latex/hyperref\pd1
enc.def"
File: pd1enc.def 2020/01/14 v7.00d Hyperref: PDFDocEncoding definition (HO)
Now handling font encoding PD1 ...
... no UTF-8 mapping file for font encoding PD1
)
("C:\Users\Oscar Wilde\AppData\Local\Programs\MiKTeX 2.9\tex/generic/intcalc\in
tcalc.sty"
Package: intcalc 2019/12/15 v1.3 Expandable calculations with integers (HO)
)
("C:\Users\Oscar Wilde\AppData\Local\Programs\MiKTeX 2.9\tex/generic/etexcmds\e
texcmds.sty"
Package: etexcmds 2019/12/15 v1.7 Avoid name clashes with e-TeX commands (HO)
)
\Hy@SavedSpaceFactor=\count194
Package hyperref Info: Option `unicode' set `true' on input line 4421.

("C:\Users\Oscar Wilde\AppData\Local\Programs\MiKTeX 2.9\tex/latex/hyperref\pue
nc.def"
File: puenc.def 2020/01/14 v7.00d Hyperref: PDF Unicode definition (HO)
Now handling font encoding PU ...
... no UTF-8 mapping file for font encoding PU
)
Package hyperref Info: Hyper figures OFF on input line 4547.
Package hyperref Info: Link nesting OFF on input line 4552.
Package hyperref Info: Hyper index ON on input line 4555.
Package hyperref Info: Plain pages OFF on input line 4562.
Package hyperref Info: Backreferencing OFF on input line 4567.
Package hyperref Info: Implicit mode ON; LaTeX internals redefined.
Package hyperref Info: Bookmarks ON on input line 4800.
\c@Hy@tempcnt=\count195
LaTeX Info: Redefining \url on input line 5159.
\XeTeXLinkMargin=\dimen146

("C:\Users\Oscar Wilde\AppData\Local\Programs\MiKTeX 2.9\tex/generic/bitset\bit
set.sty"
Package: bitset 2019/12/09 v1.3 Handle bit-vector datatype (HO)

("C:\Users\Oscar Wilde\AppData\Local\Programs\MiKTeX 2.9\tex/generic/bigintcalc
\bigintcalc.sty"
Package: bigintcalc 2019/12/15 v1.5 Expandable calculations on big integers (HO
)
))
\Fld@menulength=\count196
\Field@Width=\dimen147
\Fld@charsize=\dimen148
Package hyperref Info: Hyper figures OFF on input line 6430.
Package hyperref Info: Link nesting OFF on input line 6435.
Package hyperref Info: Hyper index ON on input line 6438.
Package hyperref Info: backreferencing OFF on input line 6445.
Package hyperref Info: Link coloring OFF on input line 6450.
Package hyperref Info: Link coloring with OCG OFF on input line 6455.
Package hyperref Info: PDF/A mode OFF on input line 6460.
LaTeX Info: Redefining \ref on input line 6500.
LaTeX Info: Redefining \pageref on input line 6504.

("C:\Users\Oscar Wilde\AppData\Local\Programs\MiKTeX 2.9\tex/generic/atbegshi\a
tbegshi.sty"
Package: atbegshi 2019/12/05 v1.19 At begin shipout hook (HO)
)
\Hy@abspage=\count197
\c@Item=\count198
\c@Hfootnote=\count199
)
Package hyperref Info: Driver (autodetected): hpdftex.

("C:\Users\Oscar Wilde\AppData\Local\Programs\MiKTeX 2.9\tex/latex/hyperref\hpd
ftex.def"
File: hpdftex.def 2020/01/14 v7.00d Hyperref driver for pdfTeX

("C:\Users\Oscar Wilde\AppData\Local\Programs\MiKTeX 2.9\tex/latex/atveryend\at
veryend.sty"
Package: atveryend 2019-12-11 v1.11 Hooks at the very end of document (HO)
)
\Fld@listcount=\count266
\c@bookmark@seq@number=\count267

("C:\Users\Oscar Wilde\AppData\Local\Programs\MiKTeX 2.9\tex/latex/rerunfileche
ck\rerunfilecheck.sty"
Package: rerunfilecheck 2019/12/05 v1.9 Rerun checks for auxiliary files (HO)

("C:\Users\Oscar Wilde\AppData\Local\Programs\MiKTeX 2.9\tex/generic/uniquecoun
ter\uniquecounter.sty"
Package: uniquecounter 2019/12/15 v1.4 Provide unlimited unique counter (HO)
)
Package uniquecounter Info: New unique counter `rerunfilecheck' on input line 2
86.
)
\Hy@SectionHShift=\skip55
)
("C:\Users\Oscar Wilde\AppData\Local\Programs\MiKTeX 2.9\tex/latex/bookmark\bkm
-pdftex-2019-12-03.def"
File: bkm-pdftex.def 2019/12/03 v1.28 bookmark driver for pdfTeX (HO)
\BKM@id=\count268
))
("C:\Users\Oscar Wilde\AppData\Local\Programs\MiKTeX 2.9\tex/latex/graphics\gra
phicx.sty"
Package: graphicx 2019/11/30 v1.2a Enhanced LaTeX Graphics (DPC,SPQR)

("C:\Users\Oscar Wilde\AppData\Local\Programs\MiKTeX 2.9\tex/latex/graphics\gra
phics.sty"
Package: graphics 2019/11/30 v1.4a Standard LaTeX Graphics (DPC,SPQR)

("C:\Users\Oscar Wilde\AppData\Local\Programs\MiKTeX 2.9\tex/latex/graphics\tri
g.sty"
Package: trig 2016/01/03 v1.10 sin cos tan (DPC)
)
("C:\Users\Oscar Wilde\AppData\Local\Programs\MiKTeX 2.9\tex/latex/graphics-cfg
\graphics.cfg"
File: graphics.cfg 2016/06/04 v1.11 sample graphics configuration
)
Package graphics Info: Driver file: pdftex.def on input line 105.
)
\Gin@req@height=\dimen149
\Gin@req@width=\dimen150
)
("C:\Users\Oscar Wilde\AppData\Local\Programs\MiKTeX 2.9\tex/latex/geometry\geo
metry.sty"
Package: geometry 2020/01/02 v5.9 Page Geometry

("C:\Users\Oscar Wilde\AppData\Local\Programs\MiKTeX 2.9\tex/generic/iftex\ifvt
ex.sty"
Package: ifvtex 2019/10/25 v1.7 ifvtex legacy package. Use iftex instead.
)
\Gm@cnth=\count269
\Gm@cntv=\count270
\c@Gm@tempcnt=\count271
\Gm@bindingoffset=\dimen151
\Gm@wd@mp=\dimen152
\Gm@odd@mp=\dimen153
\Gm@even@mp=\dimen154
\Gm@layoutwidth=\dimen155
\Gm@layoutheight=\dimen156
\Gm@layouthoffset=\dimen157
\Gm@layoutvoffset=\dimen158
\Gm@dimlist=\toks24

("C:\Users\Oscar Wilde\AppData\Local\Programs\MiKTeX 2.9\tex/latex/geometry\geo
metry.cfg"))
("C:\Users\Oscar Wilde\AppData\Local\Programs\MiKTeX 2.9\tex/latex/caption\capt
ion.sty"
Package: caption 2020/10/26 v3.5g Customizing captions (AR)

("C:\Users\Oscar Wilde\AppData\Local\Programs\MiKTeX 2.9\tex/latex/caption\capt
ion3.sty"
Package: caption3 2020/10/21 v2.2e caption3 kernel (AR)
\captionmargin=\dimen159
\captionmargin@=\dimen160
\captionwidth=\dimen161
\caption@tempdima=\dimen162
\caption@indent=\dimen163
\caption@parindent=\dimen164
\caption@hangindent=\dimen165
Package caption Info: thesis document class detected.

("C:\Users\Oscar Wilde\AppData\Local\Programs\MiKTeX 2.9\tex/latex/caption\capt
ion-thesis.sto"
File: caption-thesis.sto 2020/08/22 v2.0 Adaption of the caption package to the
 thesis document class (AR)
))
\c@caption@flags=\count272
\c@continuedfloat=\count273
Package caption Info: hyperref package is loaded.
)
("C:\Users\Oscar Wilde\AppData\Local\Programs\MiKTeX 2.9\tex/latex/jknappen\mat
hrsfs.sty"
Package: mathrsfs 1996/01/01 Math RSFS package v1.0 (jk)
\symrsfs=\mathgroup6
)
("C:\Users\Oscar Wilde\AppData\Local\Programs\MiKTeX 2.9\tex/latex/float\float.
sty"
Package: float 2001/11/08 v1.3d Float enhancements (AL)
\c@float@type=\count274
\float@exts=\toks25
\float@box=\box47
\@float@everytoks=\toks26
\@floatcapt=\box48
)
("C:\Users\Oscar Wilde\AppData\Local\Programs\MiKTeX 2.9\tex/latex/natbib\natbi
b.sty"
Package: natbib 2010/09/13 8.31b (PWD, AO)
\bibhang=\skip56
\bibsep=\skip57
LaTeX Info: Redefining \cite on input line 694.
\c@NAT@ctr=\count275
)
("C:\Users\Oscar Wilde\AppData\Local\Programs\MiKTeX 2.9\tex/latex/setspace\set
space.sty"
Package: setspace 2011/12/19 v6.7a set line spacing
)
("C:\Users\Oscar Wilde\AppData\Local\Programs\MiKTeX 2.9\tex/generic/genmisc\nt
h.sty"
Package: nth 2002/02/27
)
("C:\Users\Oscar Wilde\AppData\Local\Programs\MiKTeX 2.9\tex/latex/booktabs\boo
ktabs.sty"
Package: booktabs 2020/01/12 v1.61803398 Publication quality tables
\heavyrulewidth=\dimen166
\lightrulewidth=\dimen167
\cmidrulewidth=\dimen168
\belowrulesep=\dimen169
\belowbottomsep=\dimen170
\aboverulesep=\dimen171
\abovetopsep=\dimen172
\cmidrulesep=\dimen173
\cmidrulekern=\dimen174
\defaultaddspace=\dimen175
\@cmidla=\count276
\@cmidlb=\count277
\@aboverulesep=\dimen176
\@belowrulesep=\dimen177
\@thisruleclass=\count278
\@lastruleclass=\count279
\@thisrulewidth=\dimen178
)
("C:\Users\Oscar Wilde\AppData\Local\Programs\MiKTeX 2.9\tex/latex/makecell\mak
ecell.sty"
Package: makecell 2009/08/03 V0.1e Managing of Tab Column Heads and Cells

("C:\Users\Oscar Wilde\AppData\Local\Programs\MiKTeX 2.9\tex/latex/tools\array.
sty"
Package: array 2019/08/31 v2.4l Tabular extension package (FMi)
\col@sep=\dimen179
\ar@mcellbox=\box49
\extrarowheight=\dimen180
\NC@list=\toks27
\extratabsurround=\skip58
\backup@length=\skip59
\ar@cellbox=\box50
)
\rotheadsize=\dimen181
\c@nlinenum=\count280
\TeXr@lab=\toks28
)
("C:\Users\Oscar Wilde\AppData\Local\Programs\MiKTeX 2.9\tex/latex/tools\dcolum
n.sty"
Package: dcolumn 2014/10/28 v1.06 decimal alignment package (DPC)
)
("C:\Users\Oscar Wilde\AppData\Local\Programs\MiKTeX 2.9\tex/latex/l3backend\l3
backend-pdfmode.def"
File: l3backend-pdfmode.def 2020-03-12 L3 backend support: PDF mode
\l__kernel_color_stack_int=\count281
\l__pdf_internal_box=\box51
)

LaTeX Warning: Unused global option(s):
    [12].

(1.31.22-draft-of-WN-Proj.aux)
\openout1 = `1.31.22-draft-of-WN-Proj.aux'.

LaTeX Font Info:    Checking defaults for OML/cmm/m/it on input line 87.
LaTeX Font Info:    ... okay on input line 87.
LaTeX Font Info:    Checking defaults for OMS/cmsy/m/n on input line 87.
LaTeX Font Info:    ... okay on input line 87.
LaTeX Font Info:    Checking defaults for OT1/cmr/m/n on input line 87.
LaTeX Font Info:    ... okay on input line 87.
LaTeX Font Info:    Checking defaults for T1/cmr/m/n on input line 87.
LaTeX Font Info:    ... okay on input line 87.
LaTeX Font Info:    Checking defaults for TS1/cmr/m/n on input line 87.
LaTeX Font Info:    ... okay on input line 87.
LaTeX Font Info:    Checking defaults for OMX/cmex/m/n on input line 87.
LaTeX Font Info:    ... okay on input line 87.
LaTeX Font Info:    Checking defaults for U/cmr/m/n on input line 87.
LaTeX Font Info:    ... okay on input line 87.
LaTeX Font Info:    Checking defaults for PD1/pdf/m/n on input line 87.
LaTeX Font Info:    ... okay on input line 87.
LaTeX Font Info:    Checking defaults for PU/pdf/m/n on input line 87.
LaTeX Font Info:    ... okay on input line 87.
LaTeX Info: Redefining \microtypecontext on input line 87.
Package microtype Info: Generating PDF output.
Package microtype Info: Character protrusion enabled (level 2).
Package microtype Info: Using protrusion set `basicmath'.
Package microtype Info: Automatic font expansion enabled (level 2),
(microtype)             stretch: 20, shrink: 20, step: 1, non-selected.
Package microtype Info: Using default expansion set `alltext-nott'.
LaTeX Info: Redefining \showhyphens on input line 87.
Package microtype Info: No adjustment of tracking.
Package microtype Info: No adjustment of interword spacing.
Package microtype Info: No adjustment of character kerning.

("C:\Users\Oscar Wilde\AppData\Local\Programs\MiKTeX 2.9\tex/latex/microtype\mt
-cmr.cfg"
File: mt-cmr.cfg 2013/05/19 v2.2 microtype config. file: Computer Modern Roman 
(RS)
)
("C:\Users\Oscar Wilde\AppData\Local\Programs\MiKTeX 2.9\tex/context/base/mkii\
supp-pdf.mkii"
[Loading MPS to PDF converter (version 2006.09.02).]
\scratchcounter=\count282
\scratchdimen=\dimen182
\scratchbox=\box52
\nofMPsegments=\count283
\nofMParguments=\count284
\everyMPshowfont=\toks29
\MPscratchCnt=\count285
\MPscratchDim=\dimen183
\MPnumerator=\count286
\makeMPintoPDFobject=\count287
\everyMPtoPDFconversion=\toks30
)
("C:\Users\Oscar Wilde\AppData\Local\Programs\MiKTeX 2.9\tex/latex/epstopdf-pkg
\epstopdf-base.sty"
Package: epstopdf-base 2020-01-24 v2.11 Base part for package epstopdf
Package epstopdf-base Info: Redefining graphics rule for `.eps' on input line 4
85.
)
\AtBeginShipoutBox=\box53
Package hyperref Info: Link coloring OFF on input line 87.

("C:\Users\Oscar Wilde\AppData\Local\Programs\MiKTeX 2.9\tex/latex/hyperref\nam
eref.sty"
Package: nameref 2019/09/16 v2.46 Cross-referencing by name of section

("C:\Users\Oscar Wilde\AppData\Local\Programs\MiKTeX 2.9\tex/latex/refcount\ref
count.sty"
Package: refcount 2019/12/15 v3.6 Data extraction from label references (HO)
)
("C:\Users\Oscar Wilde\AppData\Local\Programs\MiKTeX 2.9\tex/generic/gettitlest
ring\gettitlestring.sty"
Package: gettitlestring 2019/12/15 v1.6 Cleanup title references (HO)
)
\c@section@level=\count288
)
LaTeX Info: Redefining \ref on input line 87.
LaTeX Info: Redefining \pageref on input line 87.
LaTeX Info: Redefining \nameref on input line 87.
*geometry* driver: auto-detecting
*geometry* detected driver: pdftex
*geometry* verbose mode - [ preamble ] result:
* driver: pdftex
* paper: <default>
* layout: <same size as paper>
* layoutoffset:(h,v)=(0.0pt,0.0pt)
* modes: 
* h-part:(L,W,R)=(86.72377pt, 440.84746pt, 86.72377pt)
* v-part:(T,H,B)=(86.72377pt, 621.52245pt, 86.72377pt)
* \paperwidth=614.295pt
* \paperheight=794.96999pt
* \textwidth=440.84746pt
* \textheight=621.52245pt
* \oddsidemargin=14.45378pt
* \evensidemargin=14.45378pt
* \topmargin=-22.54622pt
* \headheight=12.0pt
* \headsep=25.0pt
* \topskip=10.0pt
* \footskip=30.0pt
* \marginparwidth=65.0pt
* \marginparsep=11.0pt
* \columnsep=10.0pt
* \skip\footins=9.0pt plus 4.0pt minus 2.0pt
* \hoffset=0.0pt
* \voffset=0.0pt
* \mag=1000
* \@twocolumnfalse
* \@twosidefalse
* \@mparswitchfalse
* \@reversemarginfalse
* (1in=72.27pt=25.4mm, 1cm=28.453pt)

Package caption Info: Begin \AtBeginDocument code.
Package caption Info: float package is loaded.
Package caption Info: End \AtBeginDocument code.
LaTeX Font Info:    Trying to load font information for T1+lmss on input line 8
9.
("C:\Users\Oscar Wilde\AppData\Local\Programs\MiKTeX 2.9\tex/latex/lm\t1lmss.fd
"
File: t1lmss.fd 2009/10/30 v1.6 Font defs for Latin Modern
)
LaTeX Font Info:    Trying to load font information for OT1+lmr on input line 8
9.
("C:\Users\Oscar Wilde\AppData\Local\Programs\MiKTeX 2.9\tex/latex/lm\ot1lmr.fd
"
File: ot1lmr.fd 2009/10/30 v1.6 Font defs for Latin Modern
)
LaTeX Font Info:    Trying to load font information for OML+lmm on input line 8
9.
("C:\Users\Oscar Wilde\AppData\Local\Programs\MiKTeX 2.9\tex/latex/lm\omllmm.fd
"
File: omllmm.fd 2009/10/30 v1.6 Font defs for Latin Modern
)
LaTeX Font Info:    Trying to load font information for OMS+lmsy on input line 
89.

("C:\Users\Oscar Wilde\AppData\Local\Programs\MiKTeX 2.9\tex/latex/lm\omslmsy.f
d"
File: omslmsy.fd 2009/10/30 v1.6 Font defs for Latin Modern
)
LaTeX Font Info:    Trying to load font information for OMX+lmex on input line 
89.

("C:\Users\Oscar Wilde\AppData\Local\Programs\MiKTeX 2.9\tex/latex/lm\omxlmex.f
d"
File: omxlmex.fd 2009/10/30 v1.6 Font defs for Latin Modern
)
LaTeX Font Info:    External font `lmex10' loaded for size
(Font)              <14.4> on input line 89.
LaTeX Font Info:    External font `lmex10' loaded for size
(Font)              <10> on input line 89.
LaTeX Font Info:    External font `lmex10' loaded for size
(Font)              <7> on input line 89.
LaTeX Font Info:    Trying to load font information for U+msa on input line 89.


("C:\Users\Oscar Wilde\AppData\Local\Programs\MiKTeX 2.9\tex/latex/amsfonts\ums
a.fd"
File: umsa.fd 2013/01/14 v3.01 AMS symbols A
)
("C:\Users\Oscar Wilde\AppData\Local\Programs\MiKTeX 2.9\tex/latex/microtype\mt
-msa.cfg"
File: mt-msa.cfg 2006/02/04 v1.1 microtype config. file: AMS symbols (a) (RS)
)
LaTeX Font Info:    Trying to load font information for U+msb on input line 89.


("C:\Users\Oscar Wilde\AppData\Local\Programs\MiKTeX 2.9\tex/latex/amsfonts\ums
b.fd"
File: umsb.fd 2013/01/14 v3.01 AMS symbols B
)
("C:\Users\Oscar Wilde\AppData\Local\Programs\MiKTeX 2.9\tex/latex/microtype\mt
-msb.cfg"
File: mt-msb.cfg 2005/06/01 v1.0 microtype config. file: AMS symbols (b) (RS)
)
LaTeX Font Info:    Trying to load font information for U+rsfs on input line 89
.

("C:\Users\Oscar Wilde\AppData\Local\Programs\MiKTeX 2.9\tex/latex/jknappen\urs
fs.fd"
File: ursfs.fd 1998/03/24 rsfs font definition file (jk)
)
Package microtype Info: Loading generic protrusion settings for font family
(microtype)             `lmss' (encoding: T1).
(microtype)             For optimal results, create family-specific settings.
(microtype)             See the microtype manual for details.
[1


{C:/Users/Oscar Wilde/AppData/Local/MiKTeX/2.9/pdftex/config/pdftex.map}]
Package atveryend Info: Empty hook `BeforeClearDocument' on input line 143.
[2]
Package atveryend Info: Empty hook `AfterLastShipout' on input line 143.
(1.31.22-draft-of-WN-Proj.aux)
Package atveryend Info: Executing hook `AtVeryEndDocument' on input line 143.
Package atveryend Info: Empty hook `AtEndAfterFileList' on input line 143.
 ) 
Here is how much of TeX's memory you used:
 14978 strings out of 480930
 228905 string characters out of 2896945
 509713 words of memory out of 3000000
 30519 multiletter control sequences out of 15000+200000
 585674 words of font info for 89 fonts, out of 3000000 for 9000
 1141 hyphenation exceptions out of 8191
 41i,8n,43p,825b,332s stack positions out of 5000i,500n,10000p,200000b,50000s
{C:/Users/Oscar Wilde/AppData/Local/Programs/MiKTeX 2.9/fonts/enc/dvips/lm/lm
-ec.enc}<C:/Users/Oscar Wilde/AppData/Local/Programs/MiKTeX 2.9/fonts/type1/pub
lic/lm/lmr10.pfb><C:/Users/Oscar Wilde/AppData/Local/Programs/MiKTeX 2.9/fonts/
type1/public/lm/lmr9.pfb><C:/Users/Oscar Wilde/AppData/Local/Programs/MiKTeX 2.
9/fonts/type1/public/lm/lmss9.pfb><C:/Users/Oscar Wilde/AppData/Local/Programs/
MiKTeX 2.9/fonts/type1/public/lm/lmssbx10.pfb><C:/Users/Oscar Wilde/AppData/Loc
al/Programs/MiKTeX 2.9/fonts/type1/public/lm/lmsso12.pfb>
Output written on 1.31.22-draft-of-WN-Proj.pdf (2 pages, 122640 bytes).
PDF statistics:
 60 PDF objects out of 1000 (max. 8388607)
 12 named destinations out of 1000 (max. 500000)
 32801 words of extra memory for PDF output out of 35830 (max. 10000000)

