This is pdfTeX, Version 3.14159265-2.6-1.40.21 (MiKTeX 2.9.7380 64-bit) (preloaded format=pdflatex 2020.4.14)  26 APR 2022 09:39
entering extended mode
**./final_draft.tex
(final_draft.tex
LaTeX2e <2020-02-02> patch level 5
L3 programming layer <2020-04-06>
("C:\Users\Oscar Wilde\AppData\Local\Programs\MiKTeX 2.9\tex/latex/paper\paper.
cls"
Document Class: paper 2008/05/30 1.0l LaTeX document class (wm).
\hours=\count167
\minutes=\count168

("C:\Users\Oscar Wilde\AppData\Local\Programs\MiKTeX 2.9\tex/latex/base\size12.
clo"
File: size12.clo 2019/12/20 v1.4l Standard LaTeX file (size option)
)
\beforetitlespace=\skip47
\c@part=\count169
\c@section=\count170
\c@subsection=\count171
\c@subsubsection=\count172
\c@paragraph=\count173
\c@subparagraph=\count174
\exampleindent=\skip48
\c@figure=\count175
\c@table=\count176
\abovecaptionskip=\skip49
\belowcaptionskip=\skip50
\bibindent=\dimen134
)
("C:\Users\Oscar Wilde\AppData\Local\Programs\MiKTeX 2.9\tex/latex/geometry\geo
metry.sty"
Package: geometry 2020/01/02 v5.9 Page Geometry

("C:\Users\Oscar Wilde\AppData\Local\Programs\MiKTeX 2.9\tex/latex/graphics\key
val.sty"
Package: keyval 2014/10/28 v1.15 key=value parser (DPC)
\KV@toks@=\toks15
)
("C:\Users\Oscar Wilde\AppData\Local\Programs\MiKTeX 2.9\tex/generic/iftex\ifvt
ex.sty"
Package: ifvtex 2019/10/25 v1.7 ifvtex legacy package. Use iftex instead.

("C:\Users\Oscar Wilde\AppData\Local\Programs\MiKTeX 2.9\tex/generic/iftex\ifte
x.sty"
Package: iftex 2020/03/06 v1.0d TeX engine tests
))
\Gm@cnth=\count177
\Gm@cntv=\count178
\c@Gm@tempcnt=\count179
\Gm@bindingoffset=\dimen135
\Gm@wd@mp=\dimen136
\Gm@odd@mp=\dimen137
\Gm@even@mp=\dimen138
\Gm@layoutwidth=\dimen139
\Gm@layoutheight=\dimen140
\Gm@layouthoffset=\dimen141
\Gm@layoutvoffset=\dimen142
\Gm@dimlist=\toks16

("C:\Users\Oscar Wilde\AppData\Local\Programs\MiKTeX 2.9\tex/latex/geometry\geo
metry.cfg"))
("C:\Users\Oscar Wilde\AppData\Local\Programs\MiKTeX 2.9\tex/latex/float\float.
sty"
Package: float 2001/11/08 v1.3d Float enhancements (AL)
\c@float@type=\count180
\float@exts=\toks17
\float@box=\box45
\@float@everytoks=\toks18
\@floatcapt=\box46
)
("C:\Users\Oscar Wilde\AppData\Local\Programs\MiKTeX 2.9\tex/latex/natbib\natbi
b.sty"
Package: natbib 2010/09/13 8.31b (PWD, AO)
\bibhang=\skip51
\bibsep=\skip52
LaTeX Info: Redefining \cite on input line 694.
\c@NAT@ctr=\count181
)
("C:\Users\Oscar Wilde\AppData\Local\Programs\MiKTeX 2.9\tex/latex/graphics\gra
phicx.sty"
Package: graphicx 2019/11/30 v1.2a Enhanced LaTeX Graphics (DPC,SPQR)

("C:\Users\Oscar Wilde\AppData\Local\Programs\MiKTeX 2.9\tex/latex/graphics\gra
phics.sty"
Package: graphics 2019/11/30 v1.4a Standard LaTeX Graphics (DPC,SPQR)

("C:\Users\Oscar Wilde\AppData\Local\Programs\MiKTeX 2.9\tex/latex/graphics\tri
g.sty"
Package: trig 2016/01/03 v1.10 sin cos tan (DPC)
)
("C:\Users\Oscar Wilde\AppData\Local\Programs\MiKTeX 2.9\tex/latex/graphics-cfg
\graphics.cfg"
File: graphics.cfg 2016/06/04 v1.11 sample graphics configuration
)
Package graphics Info: Driver file: pdftex.def on input line 105.

("C:\Users\Oscar Wilde\AppData\Local\Programs\MiKTeX 2.9\tex/latex/graphics-def
\pdftex.def"
File: pdftex.def 2018/01/08 v1.0l Graphics/color driver for pdftex
))
\Gin@req@height=\dimen143
\Gin@req@width=\dimen144
)
("C:\Users\Oscar Wilde\AppData\Local\Programs\MiKTeX 2.9\tex/latex/setspace\set
space.sty"
Package: setspace 2011/12/19 v6.7a set line spacing
)
("C:\Users\Oscar Wilde\AppData\Local\Programs\MiKTeX 2.9\tex/generic/genmisc\nt
h.sty"
Package: nth 2002/02/27
)
("C:\Users\Oscar Wilde\AppData\Local\Programs\MiKTeX 2.9\tex/latex/booktabs\boo
ktabs.sty"
Package: booktabs 2020/01/12 v1.61803398 Publication quality tables
\heavyrulewidth=\dimen145
\lightrulewidth=\dimen146
\cmidrulewidth=\dimen147
\belowrulesep=\dimen148
\belowbottomsep=\dimen149
\aboverulesep=\dimen150
\abovetopsep=\dimen151
\cmidrulesep=\dimen152
\cmidrulekern=\dimen153
\defaultaddspace=\dimen154
\@cmidla=\count182
\@cmidlb=\count183
\@aboverulesep=\dimen155
\@belowrulesep=\dimen156
\@thisruleclass=\count184
\@lastruleclass=\count185
\@thisrulewidth=\dimen157
)
("C:\Users\Oscar Wilde\AppData\Local\Programs\MiKTeX 2.9\tex/latex/makecell\mak
ecell.sty"
Package: makecell 2009/08/03 V0.1e Managing of Tab Column Heads and Cells

("C:\Users\Oscar Wilde\AppData\Local\Programs\MiKTeX 2.9\tex/latex/tools\array.
sty"
Package: array 2019/08/31 v2.4l Tabular extension package (FMi)
\col@sep=\dimen158
\ar@mcellbox=\box47
\extrarowheight=\dimen159
\NC@list=\toks19
\extratabsurround=\skip53
\backup@length=\skip54
\ar@cellbox=\box48
)
\rotheadsize=\dimen160
\c@nlinenum=\count186
\TeXr@lab=\toks20
)
("C:\Users\Oscar Wilde\AppData\Local\Programs\MiKTeX 2.9\tex/latex/amsmath\amsm
ath.sty"
Package: amsmath 2020/01/20 v2.17e AMS math features
\@mathmargin=\skip55

For additional information on amsmath, use the `?' option.

("C:\Users\Oscar Wilde\AppData\Local\Programs\MiKTeX 2.9\tex/latex/amsmath\amst
ext.sty"
Package: amstext 2000/06/29 v2.01 AMS text

("C:\Users\Oscar Wilde\AppData\Local\Programs\MiKTeX 2.9\tex/latex/amsmath\amsg
en.sty"
File: amsgen.sty 1999/11/30 v2.0 generic functions
\@emptytoks=\toks21
\ex@=\dimen161
))
("C:\Users\Oscar Wilde\AppData\Local\Programs\MiKTeX 2.9\tex/latex/amsmath\amsb
sy.sty"
Package: amsbsy 1999/11/29 v1.2d Bold Symbols
\pmbraise@=\dimen162
)
("C:\Users\Oscar Wilde\AppData\Local\Programs\MiKTeX 2.9\tex/latex/amsmath\amso
pn.sty"
Package: amsopn 2016/03/08 v2.02 operator names
)
\inf@bad=\count187
LaTeX Info: Redefining \frac on input line 227.
\uproot@=\count188
\leftroot@=\count189
LaTeX Info: Redefining \overline on input line 389.
\classnum@=\count190
\DOTSCASE@=\count191
LaTeX Info: Redefining \ldots on input line 486.
LaTeX Info: Redefining \dots on input line 489.
LaTeX Info: Redefining \cdots on input line 610.
\Mathstrutbox@=\box49
\strutbox@=\box50
\big@size=\dimen163
LaTeX Font Info:    Redeclaring font encoding OML on input line 733.
LaTeX Font Info:    Redeclaring font encoding OMS on input line 734.
\macc@depth=\count192
\c@MaxMatrixCols=\count193
\dotsspace@=\muskip16
\c@parentequation=\count194
\dspbrk@lvl=\count195
\tag@help=\toks22
\row@=\count196
\column@=\count197
\maxfields@=\count198
\andhelp@=\toks23
\eqnshift@=\dimen164
\alignsep@=\dimen165
\tagshift@=\dimen166
\tagwidth@=\dimen167
\totwidth@=\dimen168
\lineht@=\dimen169
\@envbody=\toks24
\multlinegap=\skip56
\multlinetaggap=\skip57
\mathdisplay@stack=\toks25
LaTeX Info: Redefining \[ on input line 2859.
LaTeX Info: Redefining \] on input line 2860.
)
("C:\Users\Oscar Wilde\AppData\Local\Programs\MiKTeX 2.9\tex/latex/tools\dcolum
n.sty"
Package: dcolumn 2014/10/28 v1.06 decimal alignment package (DPC)
)
("C:\Users\Oscar Wilde\AppData\Local\Programs\MiKTeX 2.9\tex/latex/hyperref\hyp
erref.sty"
Package: hyperref 2020/01/14 v7.00d Hypertext links for LaTeX

("C:\Users\Oscar Wilde\AppData\Local\Programs\MiKTeX 2.9\tex/generic/ltxcmds\lt
xcmds.sty"
Package: ltxcmds 2019/12/15 v1.24 LaTeX kernel commands for general use (HO)
)
("C:\Users\Oscar Wilde\AppData\Local\Programs\MiKTeX 2.9\tex/latex/pdftexcmds\p
dftexcmds.sty"
Package: pdftexcmds 2019/11/24 v0.31 Utility functions of pdfTeX for LuaTeX (HO
)

("C:\Users\Oscar Wilde\AppData\Local\Programs\MiKTeX 2.9\tex/generic/infwarerr\
infwarerr.sty"
Package: infwarerr 2019/12/03 v1.5 Providing info/warning/error messages (HO)
)
Package pdftexcmds Info: \pdf@primitive is available.
Package pdftexcmds Info: \pdf@ifprimitive is available.
Package pdftexcmds Info: \pdfdraftmode found.
)
("C:\Users\Oscar Wilde\AppData\Local\Programs\MiKTeX 2.9\tex/generic/kvsetkeys\
kvsetkeys.sty"
Package: kvsetkeys 2019/12/15 v1.18 Key value parser (HO)
)
("C:\Users\Oscar Wilde\AppData\Local\Programs\MiKTeX 2.9\tex/generic/kvdefineke
ys\kvdefinekeys.sty"
Package: kvdefinekeys 2019-12-19 v1.6 Define keys (HO)
)
("C:\Users\Oscar Wilde\AppData\Local\Programs\MiKTeX 2.9\tex/generic/pdfescape\
pdfescape.sty"
Package: pdfescape 2019/12/09 v1.15 Implements pdfTeX's escape features (HO)
)
("C:\Users\Oscar Wilde\AppData\Local\Programs\MiKTeX 2.9\tex/latex/hycolor\hyco
lor.sty"
Package: hycolor 2020-01-27 v1.10 Color options for hyperref/bookmark (HO)
)
("C:\Users\Oscar Wilde\AppData\Local\Programs\MiKTeX 2.9\tex/latex/letltxmacro\
letltxmacro.sty"
Package: letltxmacro 2019/12/03 v1.6 Let assignment for LaTeX macros (HO)
)
("C:\Users\Oscar Wilde\AppData\Local\Programs\MiKTeX 2.9\tex/latex/auxhook\auxh
ook.sty"
Package: auxhook 2019-12-17 v1.6 Hooks for auxiliary files (HO)
)
("C:\Users\Oscar Wilde\AppData\Local\Programs\MiKTeX 2.9\tex/latex/kvoptions\kv
options.sty"
Package: kvoptions 2019/11/29 v3.13 Key value format for package options (HO)
)
\@linkdim=\dimen170
\Hy@linkcounter=\count199
\Hy@pagecounter=\count266

("C:\Users\Oscar Wilde\AppData\Local\Programs\MiKTeX 2.9\tex/latex/hyperref\pd1
enc.def"
File: pd1enc.def 2020/01/14 v7.00d Hyperref: PDFDocEncoding definition (HO)
Now handling font encoding PD1 ...
... no UTF-8 mapping file for font encoding PD1
)
("C:\Users\Oscar Wilde\AppData\Local\Programs\MiKTeX 2.9\tex/generic/intcalc\in
tcalc.sty"
Package: intcalc 2019/12/15 v1.3 Expandable calculations with integers (HO)
)
("C:\Users\Oscar Wilde\AppData\Local\Programs\MiKTeX 2.9\tex/generic/etexcmds\e
texcmds.sty"
Package: etexcmds 2019/12/15 v1.7 Avoid name clashes with e-TeX commands (HO)
)
\Hy@SavedSpaceFactor=\count267
Package hyperref Info: Hyper figures OFF on input line 4547.
Package hyperref Info: Link nesting OFF on input line 4552.
Package hyperref Info: Hyper index ON on input line 4555.
Package hyperref Info: Plain pages OFF on input line 4562.
Package hyperref Info: Backreferencing OFF on input line 4567.
Package hyperref Info: Implicit mode ON; LaTeX internals redefined.
Package hyperref Info: Bookmarks ON on input line 4800.
\c@Hy@tempcnt=\count268

("C:\Users\Oscar Wilde\AppData\Local\Programs\MiKTeX 2.9\tex/latex/url\url.sty"
\Urlmuskip=\muskip17
Package: url 2013/09/16  ver 3.4  Verb mode for urls, etc.
)
LaTeX Info: Redefining \url on input line 5159.
\XeTeXLinkMargin=\dimen171

("C:\Users\Oscar Wilde\AppData\Local\Programs\MiKTeX 2.9\tex/generic/bitset\bit
set.sty"
Package: bitset 2019/12/09 v1.3 Handle bit-vector datatype (HO)

("C:\Users\Oscar Wilde\AppData\Local\Programs\MiKTeX 2.9\tex/generic/bigintcalc
\bigintcalc.sty"
Package: bigintcalc 2019/12/15 v1.5 Expandable calculations on big integers (HO
)
))
\Fld@menulength=\count269
\Field@Width=\dimen172
\Fld@charsize=\dimen173
Package hyperref Info: Hyper figures OFF on input line 6430.
Package hyperref Info: Link nesting OFF on input line 6435.
Package hyperref Info: Hyper index ON on input line 6438.
Package hyperref Info: backreferencing OFF on input line 6445.
Package hyperref Info: Link coloring OFF on input line 6450.
Package hyperref Info: Link coloring with OCG OFF on input line 6455.
Package hyperref Info: PDF/A mode OFF on input line 6460.
LaTeX Info: Redefining \ref on input line 6500.
LaTeX Info: Redefining \pageref on input line 6504.

("C:\Users\Oscar Wilde\AppData\Local\Programs\MiKTeX 2.9\tex/generic/atbegshi\a
tbegshi.sty"
Package: atbegshi 2019/12/05 v1.19 At begin shipout hook (HO)
)
\Hy@abspage=\count270
\c@Item=\count271
\c@Hfootnote=\count272
)
Package hyperref Info: Driver (autodetected): hpdftex.

("C:\Users\Oscar Wilde\AppData\Local\Programs\MiKTeX 2.9\tex/latex/hyperref\hpd
ftex.def"
File: hpdftex.def 2020/01/14 v7.00d Hyperref driver for pdfTeX

("C:\Users\Oscar Wilde\AppData\Local\Programs\MiKTeX 2.9\tex/latex/atveryend\at
veryend.sty"
Package: atveryend 2019-12-11 v1.11 Hooks at the very end of document (HO)
Package atveryend Info: \enddocument detected (standard20110627).
)
\Fld@listcount=\count273
\c@bookmark@seq@number=\count274

("C:\Users\Oscar Wilde\AppData\Local\Programs\MiKTeX 2.9\tex/latex/rerunfileche
ck\rerunfilecheck.sty"
Package: rerunfilecheck 2019/12/05 v1.9 Rerun checks for auxiliary files (HO)

("C:\Users\Oscar Wilde\AppData\Local\Programs\MiKTeX 2.9\tex/generic/uniquecoun
ter\uniquecounter.sty"
Package: uniquecounter 2019/12/15 v1.4 Provide unlimited unique counter (HO)
)
Package uniquecounter Info: New unique counter `rerunfilecheck' on input line 2
86.
)
\Hy@SectionHShift=\skip58
)
("C:\Users\Oscar Wilde\AppData\Local\Programs\MiKTeX 2.9\tex/latex/wrapfig\wrap
fig.sty"
\wrapoverhang=\dimen174
\WF@size=\dimen175
\c@WF@wrappedlines=\count275
\WF@box=\box51
\WF@everypar=\toks26
Package: wrapfig 2003/01/31  v 3.6
)
("C:\Users\Oscar Wilde\AppData\Local\Programs\MiKTeX 2.9\tex/latex/adjustbox\ad
justbox.sty"
Package: adjustbox 2019/01/04 v1.2 Adjusting TeX boxes (trim, clip, ...)

("C:\Users\Oscar Wilde\AppData\Local\Programs\MiKTeX 2.9\tex/latex/xkeyval\xkey
val.sty"
Package: xkeyval 2014/12/03 v2.7a package option processing (HA)

("C:\Users\Oscar Wilde\AppData\Local\Programs\MiKTeX 2.9\tex/generic/xkeyval\xk
eyval.tex"
("C:\Users\Oscar Wilde\AppData\Local\Programs\MiKTeX 2.9\tex/generic/xkeyval\xk
vutils.tex"
\XKV@toks=\toks27
\XKV@tempa@toks=\toks28
)
\XKV@depth=\count276
File: xkeyval.tex 2014/12/03 v2.7a key=value parser (HA)
))
("C:\Users\Oscar Wilde\AppData\Local\Programs\MiKTeX 2.9\tex/latex/adjustbox\ad
jcalc.sty"
Package: adjcalc 2012/05/16 v1.1 Provides advanced setlength with multiple back
-ends (calc, etex, pgfmath)
)
("C:\Users\Oscar Wilde\AppData\Local\Programs\MiKTeX 2.9\tex/latex/adjustbox\tr
imclip.sty"
Package: trimclip 2018/04/08 v1.1 Trim and clip general TeX material

("C:\Users\Oscar Wilde\AppData\Local\Programs\MiKTeX 2.9\tex/latex/collectbox\c
ollectbox.sty"
Package: collectbox 2012/05/17 v0.4b Collect macro arguments as boxes
\collectedbox=\box52
)
\tc@llx=\dimen176
\tc@lly=\dimen177
\tc@urx=\dimen178
\tc@ury=\dimen179
Package trimclip Info: Using driver 'tc-pdftex.def'.

("C:\Users\Oscar Wilde\AppData\Local\Programs\MiKTeX 2.9\tex/latex/adjustbox\tc
-pdftex.def"
File: tc-pdftex.def 2019/01/04 v2.2 Clipping driver for pdftex
))
\adjbox@Width=\dimen180
\adjbox@Height=\dimen181
\adjbox@Depth=\dimen182
\adjbox@Totalheight=\dimen183
\adjbox@pwidth=\dimen184
\adjbox@pheight=\dimen185
\adjbox@pdepth=\dimen186
\adjbox@ptotalheight=\dimen187

("C:\Users\Oscar Wilde\AppData\Local\Programs\MiKTeX 2.9\tex/latex/ifoddpage\if
oddpage.sty"
Package: ifoddpage 2016/04/23 v1.1 Conditionals for odd/even page detection
\c@checkoddpage=\count277
)
("C:\Users\Oscar Wilde\AppData\Local\Programs\MiKTeX 2.9\tex/latex/varwidth\var
width.sty"
Package: varwidth 2009/03/30 ver 0.92;  Variable-width minipages
\@vwid@box=\box53
\sift@deathcycles=\count278
\@vwid@loff=\dimen188
\@vwid@roff=\dimen189
))
("C:\Users\Oscar Wilde\AppData\Local\Programs\MiKTeX 2.9\tex/latex/hanging\hang
ing.sty"
Package: hanging 2009/09/02 v1.2b hanging paragraphs and punctuation
\h@ngcommawd=\skip59
\h@ngfstopwd=\skip60
\h@ngquotewd=\skip61
\h@ngdquotewd=\skip62
\h@ngquerywd=\skip63
\h@ngexclwd=\skip64
\h@ngcolonwd=\skip65
\h@ngscolonwd=\skip66
)
\cslhangindent=\skip67

("C:\Users\Oscar Wilde\AppData\Local\Programs\MiKTeX 2.9\tex/latex/l3backend\l3
backend-pdfmode.def"
File: l3backend-pdfmode.def 2020-03-12 L3 backend support: PDF mode
\l__kernel_color_stack_int=\count279
\l__pdf_internal_box=\box54
) (final_draft.aux

LaTeX Warning: Label `' multiply defined.


LaTeX Warning: Label `' multiply defined.


LaTeX Warning: Label `' multiply defined.


LaTeX Warning: Label `' multiply defined.


LaTeX Warning: Label `' multiply defined.

)
\openout1 = `final_draft.aux'.

LaTeX Font Info:    Checking defaults for OML/cmm/m/it on input line 34.
LaTeX Font Info:    ... okay on input line 34.
LaTeX Font Info:    Checking defaults for OMS/cmsy/m/n on input line 34.
LaTeX Font Info:    ... okay on input line 34.
LaTeX Font Info:    Checking defaults for OT1/cmr/m/n on input line 34.
LaTeX Font Info:    ... okay on input line 34.
LaTeX Font Info:    Checking defaults for T1/cmr/m/n on input line 34.
LaTeX Font Info:    ... okay on input line 34.
LaTeX Font Info:    Checking defaults for TS1/cmr/m/n on input line 34.
LaTeX Font Info:    ... okay on input line 34.
LaTeX Font Info:    Checking defaults for OMX/cmex/m/n on input line 34.
LaTeX Font Info:    ... okay on input line 34.
LaTeX Font Info:    Checking defaults for U/cmr/m/n on input line 34.
LaTeX Font Info:    ... okay on input line 34.
LaTeX Font Info:    Checking defaults for PD1/pdf/m/n on input line 34.
LaTeX Font Info:    ... okay on input line 34.

*geometry* driver: auto-detecting
*geometry* detected driver: pdftex
*geometry* verbose mode - [ preamble ] result:
* driver: pdftex
* paper: <default>
* layout: <same size as paper>
* layoutoffset:(h,v)=(0.0pt,0.0pt)
* modes: 
* h-part:(L,W,R)=(72.26999pt, 469.75502pt, 72.26999pt)
* v-part:(T,H,B)=(72.26999pt, 650.43001pt, 72.26999pt)
* \paperwidth=614.295pt
* \paperheight=794.96999pt
* \textwidth=469.75502pt
* \textheight=650.43001pt
* \oddsidemargin=0.0pt
* \evensidemargin=0.0pt
* \topmargin=-37.0pt
* \headheight=12.0pt
* \headsep=25.0pt
* \topskip=12.0pt
* \footskip=30.0pt
* \marginparwidth=44.0pt
* \marginparsep=10.0pt
* \columnsep=10.0pt
* \skip\footins=10.8pt plus 4.0pt minus 2.0pt
* \hoffset=0.0pt
* \voffset=0.0pt
* \mag=1000
* \@twocolumnfalse
* \@twosidefalse
* \@mparswitchfalse
* \@reversemarginfalse
* (1in=72.27pt=25.4mm, 1cm=28.453pt)


("C:\Users\Oscar Wilde\AppData\Local\Programs\MiKTeX 2.9\tex/context/base/mkii\
supp-pdf.mkii"
[Loading MPS to PDF converter (version 2006.09.02).]
\scratchcounter=\count280
\scratchdimen=\dimen190
\scratchbox=\box55
\nofMPsegments=\count281
\nofMParguments=\count282
\everyMPshowfont=\toks29
\MPscratchCnt=\count283
\MPscratchDim=\dimen191
\MPnumerator=\count284
\makeMPintoPDFobject=\count285
\everyMPtoPDFconversion=\toks30
)
("C:\Users\Oscar Wilde\AppData\Local\Programs\MiKTeX 2.9\tex/latex/epstopdf-pkg
\epstopdf-base.sty"
Package: epstopdf-base 2020-01-24 v2.11 Base part for package epstopdf
Package epstopdf-base Info: Redefining graphics rule for `.eps' on input line 4
85.
)
\AtBeginShipoutBox=\box56
Package hyperref Info: Link coloring OFF on input line 34.

("C:\Users\Oscar Wilde\AppData\Local\Programs\MiKTeX 2.9\tex/latex/hyperref\nam
eref.sty"
Package: nameref 2019/09/16 v2.46 Cross-referencing by name of section

("C:\Users\Oscar Wilde\AppData\Local\Programs\MiKTeX 2.9\tex/latex/refcount\ref
count.sty"
Package: refcount 2019/12/15 v3.6 Data extraction from label references (HO)
)
("C:\Users\Oscar Wilde\AppData\Local\Programs\MiKTeX 2.9\tex/generic/gettitlest
ring\gettitlestring.sty"
Package: gettitlestring 2019/12/15 v1.6 Cleanup title references (HO)
)
\c@section@level=\count286
)
LaTeX Info: Redefining \ref on input line 34.
LaTeX Info: Redefining \pageref on input line 34.
LaTeX Info: Redefining \nameref on input line 34.
 (final_draft.out) (final_draft.out)
\@outlinefile=\write3
\openout3 = `final_draft.out'.

 [1


{C:/Users/Oscar Wilde/AppData/Local/MiKTeX/2.9/pdftex/config/pdftex.map}] [2] [
3]
<figs/ip_frequency_length.png, id=39, 1445.4pt x 231.0231pt>
File: figs/ip_frequency_length.png Graphic file (type png)
<use figs/ip_frequency_length.png>
Package pdftex.def Info: figs/ip_frequency_length.png  used on input line 62.
(pdftex.def)             Requested size: 375.80544pt x 60.06458pt.
 [4]
[5 <./figs/ip_frequency_length.png (PNG copy)>]
<figs/diagnostics-by-topic.png, id=50, 363.5181pt x 182.1204pt>
File: figs/diagnostics-by-topic.png Graphic file (type png)
<use figs/diagnostics-by-topic.png>
Package pdftex.def Info: figs/diagnostics-by-topic.png  used on input line 75.
(pdftex.def)             Requested size: 375.80544pt x 188.28362pt.
<figs/exclusivity-vs-semantics.png, id=51, 363.5181pt x 182.1204pt>
File: figs/exclusivity-vs-semantics.png Graphic file (type png)
<use figs/exclusivity-vs-semantics.png>
Package pdftex.def Info: figs/exclusivity-vs-semantics.png  used on input line 
83.
(pdftex.def)             Requested size: 375.80544pt x 188.28362pt.
 [6 <./figs/diagnostics-by-topic.png>]
<figs/top-20.png, id=58, 578.16pt x 578.16pt>
File: figs/top-20.png Graphic file (type png)
<use figs/top-20.png>
Package pdftex.def Info: figs/top-20.png  used on input line 91.
(pdftex.def)             Requested size: 375.80544pt x 375.79955pt.
 [7 <./figs/exclusivity-vs-semantics.png (PNG copy)>] [8 <./figs/top-20.png>]
<figs/sentiment_freq_all_words.png, id=71, 722.7pt x 178.266pt>
File: figs/sentiment_freq_all_words.png Graphic file (type png)
<use figs/sentiment_freq_all_words.png>
Package pdftex.def Info: figs/sentiment_freq_all_words.png  used on input line 
103.
(pdftex.def)             Requested size: 375.80544pt x 92.69884pt.
 [9 <./figs/sentiment_freq_all_words.png>] [10] [11] [12]
Underfull \hbox (badness 10000) in paragraph at lines 140--142

 []


Underfull \hbox (badness 10000) in paragraph at lines 143--145

 []


Underfull \hbox (badness 10000) in paragraph at lines 147--149

 []


Underfull \hbox (badness 10000) in paragraph at lines 151--153

 []


Underfull \hbox (badness 10000) in paragraph at lines 155--157

 []


Underfull \hbox (badness 10000) in paragraph at lines 159--161

 []

[13]
Underfull \hbox (badness 10000) in paragraph at lines 163--165

 []


Underfull \hbox (badness 10000) in paragraph at lines 167--169

 []


Underfull \hbox (badness 10000) in paragraph at lines 171--173

 []


Underfull \hbox (badness 10000) in paragraph at lines 175--177

 []


Underfull \hbox (badness 10000) in paragraph at lines 179--181

 []


Underfull \hbox (badness 10000) in paragraph at lines 183--185

 []


Underfull \hbox (badness 10000) in paragraph at lines 187--189

 []


Underfull \hbox (badness 10000) in paragraph at lines 191--193

 []


Overfull \hbox (136.76706pt too wide) in paragraph at lines 195--197
[]\OT1/cmr/m/it/12 Welcome: Guide-lines for Post-ing\OT1/cmr/m/n/12 . Storm-fro
nt.org. Re-treived on 4/25/2022. https://www.stormfront.org/forum/t4359/ 
 []


Underfull \hbox (badness 10000) in paragraph at lines 195--197

 []


Underfull \hbox (badness 10000) in paragraph at lines 199--201

 []

[14]
Overfull \vbox (109.03139pt too high) has occurred while \output is active []


[15]
Package atveryend Info: Empty hook `BeforeClearDocument' on input line 280.
Package atveryend Info: Empty hook `AfterLastShipout' on input line 280.
 (final_draft.aux)
Package atveryend Info: Executing hook `AtVeryEndDocument' on input line 280.
Package atveryend Info: Executing hook `AtEndAfterFileList' on input line 280.
Package rerunfilecheck Info: File `final_draft.out' has not changed.
(rerunfilecheck)             Checksum: 100F7EB8E0C385DC9F59E504EF19AE9B;231.


LaTeX Warning: There were multiply-defined labels.

Package atveryend Info: Empty hook `AtVeryVeryEnd' on input line 280.
 ) 
Here is how much of TeX's memory you used:
 8318 strings out of 480930
 128834 string characters out of 2896945
 433372 words of memory out of 3000000
 23983 multiletter control sequences out of 15000+200000
 540914 words of font info for 53 fonts, out of 3000000 for 9000
 1141 hyphenation exceptions out of 8191
 34i,9n,39p,1541b,345s stack positions out of 5000i,500n,10000p,200000b,50000s
<C:/Users/Oscar Wilde/AppData/Local/Programs/MiKTeX 2.9/fonts/type1/public/am
sfonts/cm/cmbx12.pfb><C:/Users/Oscar Wilde/AppData/Local/Programs/MiKTeX 2.9/fo
nts/type1/public/amsfonts/cm/cmr10.pfb><C:/Users/Oscar Wilde/AppData/Local/Prog
rams/MiKTeX 2.9/fonts/type1/public/amsfonts/cm/cmr12.pfb><C:/Users/Oscar Wilde/
AppData/Local/Programs/MiKTeX 2.9/fonts/type1/public/amsfonts/cm/cmss10.pfb><C:
/Users/Oscar Wilde/AppData/Local/Programs/MiKTeX 2.9/fonts/type1/public/amsfont
s/cm/cmss12.pfb><C:/Users/Oscar Wilde/AppData/Local/Programs/MiKTeX 2.9/fonts/t
ype1/public/amsfonts/cm/cmssbx10.pfb><C:/Users/Oscar Wilde/AppData/Local/Progra
ms/MiKTeX 2.9/fonts/type1/public/amsfonts/cm/cmssi17.pfb><C:/Users/Oscar Wilde/
AppData/Local/Programs/MiKTeX 2.9/fonts/type1/public/amsfonts/cm/cmti12.pfb>
Output written on final_draft.pdf (15 pages, 427626 bytes).
PDF statistics:
 141 PDF objects out of 1000 (max. 8388607)
 29 named destinations out of 1000 (max. 500000)
 58 words of extra memory for PDF output out of 10000 (max. 10000000)

